<?xml version="1.0" encoding="UTF-8"?>
<!-- Generated by org.testng.reporters.JUnitXMLReporter -->
<testsuite ignored="0" hostname="DESKTOP-BR99C0F" failures="0" tests="7" name="Test" time="15.89" errors="0" timestamp="2024-03-15T11:27:31 IST">
  <testcase classname="com.GherkinKeywords.ApiMethods" name="getRequest" time="4.231"/>
  <testcase classname="com.APIDemo.restAssuredRequests" name="createResource" time="5.241"/>
  <testcase classname="com.GherkinKeywords.ApiMethods" name="postRequest" time="1.365"/>
  <testcase classname="com.GherkinKeywords.ApiMethods" name="putRequest" time="1.194"/>
  <testcase classname="com.APIDemo.restAssuredRequests" name="updateResource" time="9.244"/>
  <testcase classname="com.APIDemo.restAssuredRequests" name="getResource" time="0.387"/>
  <testcase classname="com.APIDemo.restAssuredRequests" name="deleteResource" time="0.925"/>
</testsuite> <!-- Test -->
