<?xml version="1.0" encoding="UTF-8"?>
<testng-results ignored="0" total="7" passed="7" failed="0" skipped="0">
  <reporter-output>
  </reporter-output>
  <suite started-at="2024-03-15T11:27:15 IST" name="Suite" finished-at="2024-03-15T11:27:31 IST" duration-ms="15890">
    <groups>
    </groups>
    <test started-at="2024-03-15T11:27:15 IST" name="Test" finished-at="2024-03-15T11:27:31 IST" duration-ms="15890">
      <class name="com.APIDemo.restAssuredRequests">
        <test-method signature="createResource()[pri:1, instance:com.APIDemo.restAssuredRequests@742ff096]" started-at="2024-03-15T11:27:15 IST" name="createResource" description="Creating a new resourse" finished-at="2024-03-15T11:27:20 IST" duration-ms="5241" status="PASS">
          <reporter-output>
          </reporter-output>
        </test-method> <!-- createResource -->
        <test-method signature="updateResource()[pri:2, instance:com.APIDemo.restAssuredRequests@742ff096]" started-at="2024-03-15T11:27:20 IST" name="updateResource" description="Updating the existing resourse" finished-at="2024-03-15T11:27:29 IST" duration-ms="9244" status="PASS">
          <reporter-output>
          </reporter-output>
        </test-method> <!-- updateResource -->
        <test-method signature="getResource()[pri:3, instance:com.APIDemo.restAssuredRequests@742ff096]" started-at="2024-03-15T11:27:29 IST" name="getResource" description="Getting the resourse" finished-at="2024-03-15T11:27:30 IST" duration-ms="387" status="PASS">
          <reporter-output>
          </reporter-output>
        </test-method> <!-- getResource -->
        <test-method signature="deleteResource()[pri:4, instance:com.APIDemo.restAssuredRequests@742ff096]" started-at="2024-03-15T11:27:30 IST" name="deleteResource" description="Deleting the resourse" finished-at="2024-03-15T11:27:31 IST" duration-ms="925" status="PASS">
          <reporter-output>
          </reporter-output>
        </test-method> <!-- deleteResource -->
      </class> <!-- com.APIDemo.restAssuredRequests -->
      <class name="com.GherkinKeywords.ApiMethods">
        <test-method is-config="true" signature="setUp()[pri:0, instance:com.GherkinKeywords.ApiMethods@3a7442c7]" started-at="2024-03-15T11:27:15 IST" name="setUp" finished-at="2024-03-15T11:27:16 IST" duration-ms="819" status="PASS">
          <reporter-output>
          </reporter-output>
        </test-method> <!-- setUp -->
        <test-method signature="getRequest()[pri:0, instance:com.GherkinKeywords.ApiMethods@3a7442c7]" started-at="2024-03-15T11:27:16 IST" name="getRequest" finished-at="2024-03-15T11:27:20 IST" duration-ms="4231" status="PASS">
          <reporter-output>
          </reporter-output>
        </test-method> <!-- getRequest -->
        <test-method signature="postRequest()[pri:0, instance:com.GherkinKeywords.ApiMethods@3a7442c7]" started-at="2024-03-15T11:27:20 IST" name="postRequest" finished-at="2024-03-15T11:27:21 IST" duration-ms="1365" status="PASS">
          <reporter-output>
          </reporter-output>
        </test-method> <!-- postRequest -->
        <test-method signature="putRequest()[pri:0, instance:com.GherkinKeywords.ApiMethods@3a7442c7]" started-at="2024-03-15T11:27:21 IST" name="putRequest" finished-at="2024-03-15T11:27:22 IST" duration-ms="1194" status="PASS">
          <reporter-output>
          </reporter-output>
        </test-method> <!-- putRequest -->
      </class> <!-- com.GherkinKeywords.ApiMethods -->
    </test> <!-- Test -->
  </suite> <!-- Suite -->
</testng-results>
