<?xml version="1.0" encoding="UTF-8"?>
<!-- Generated by org.testng.reporters.JUnitXMLReporter -->
<testsuite ignored="0" hostname="DESKTOP-BR99C0F" failures="0" tests="3" name="Default test" time="6.328" errors="0" timestamp="2024-03-11T14:16:23 IST">
  <testcase classname="com.GherkinKeywords.ApiMethods" name="getRequest" time="4.075"/>
  <testcase classname="com.GherkinKeywords.ApiMethods" name="postRequest" time="0.811"/>
  <testcase classname="com.GherkinKeywords.ApiMethods" name="putRequest" time="0.64"/>
</testsuite> <!-- Default test -->
